2025-05-28 18:10:41,224 - INFO - Starting task processor...
2025-05-28 18:10:41,225 - INFO - Validator commit: toilaluan/cdc3b8166f8f6bc5dd8f70fd84d343c7
2025-05-28 18:10:41,225 - INFO - Sleep interval: 10 seconds
2025-05-28 18:10:41,225 - INFO - === Processing cycle 1 ===
2025-05-28 18:10:41,225 - INFO - Total processed tasks so far: 0
2025-05-28 18:10:41,225 - INFO - Fetching task data from: https://gist.githubusercontent.com/toilaluan/cdc3b8166f8f6bc5dd8f70fd84d343c7/raw
2025-05-28 18:10:41,414 - INFO - HTTP Request: GET https://gist.githubusercontent.com/toilaluan/cdc3b8166f8f6bc5dd8f70fd84d343c7/raw "HTTP/1.1 200 OK"
2025-05-28 18:10:41,415 - INFO - Successfully fetched 1 tasks
2025-05-28 18:10:41,415 - INFO - Found 1 new tasks to process
2025-05-28 18:10:41,415 - INFO - Fetching miner metadata...
2025-05-28 18:10:41,438 - INFO - HTTP Request: GET http://localhost:8001/get_all_peers_metadata "HTTP/1.1 200 OK"
2025-05-28 18:10:41,438 - INFO - Found 1 miners
2025-05-28 18:10:41,438 - INFO - Found 1 miners
2025-05-28 18:10:41,438 - INFO - Miners: [{'uid': '102', 'hotkey': '5DkTqSqcrBs7jnJuPaDaAeN2DkdfvQm6nsjW96MnEpUyVke4', 'commit': 'toilaluan:671296b3465daf4fcafafcb438f67f64', 'submissions': [{'video_id': 'aoAiV4frT-M', 'task_id': 'task-id-1'}]}]
2025-05-28 18:10:41,448 - INFO - Processing task: task-id-1
2025-05-28 18:10:41,448 - INFO - Miner 102 has 1 submission(s) for task task-id-1
2025-05-28 18:10:41,448 - INFO - Processing video aoAiV4frT-M from miner 102
2025-05-28 18:10:41,662 - INFO - HTTP Request: GET http://localhost:8000/youtube/video/aoAiV4frT-M "HTTP/1.1 200 OK"
2025-05-28 18:10:41,663 - INFO - Video data retrieved: {
  "title": "How does Bittensor work?",
  "description": "We look at each participant and how it all works using examples.\n\n0:00 Introduction\n0:30 Participants\n1:12 Subnet Examples\n3:32 Types of Subnets\n3:54 Access to Subnet Products\n4:21 Competition\n4:50 Stakers\n5:20 Full Economy\n\n-----------------------\nhttps://www.patreon.com/TAOTemplar\nhttps://x.com/TAOTemplar\n\nFree Miner Course:\nhttps://www.youtube.com/watch?v=UH_sOZSIk10&list=PLqsRtfujbWUmHZr3Iphf61mZp9zJojkFD\n\n#crypto #tao #bittensor",
  "thumbnail_url": "https://i.ytimg.com/vi/aoAiV4frT-M/default.jpg",
  "published_at": "2024-11-25T17:24:05",
  "view_count": 17054,
  "like_count": 495,
  "comment_count": 55,
  "tags": [
    "how does bittensor work",
    "what is bittensor",
    "what is tao",
    "what is bittensor tao",
    "bittensor crypto",
    "tao crypto",
    "tao bittensor crypto",
    "bittensor tao crypto",
    "bittensor tao",
    "tao bittensor",
    "bittensor",
    "tao",
    "tao bittensor explained",
    "bittensor tao explained",
    "bittensor eli5",
    "tao eli5",
    "bittensor tao eli5",
    "tao bittensor eli5",
    "understand bittensor"
  ]
}
2025-05-28 18:10:41,766 - INFO - Task task-id-1 marked as processed
2025-05-28 18:10:41,767 - INFO - Cycle 1 completed. Sleeping for 10 seconds...
2025-05-28 18:10:42,619 - INFO - Task processor stopped by user
